<?xml version="1.0" encoding="utf-8"?><testsuites><testsuite errors="0" failures="0" hostname="DP619-120" name="pytest" skipped="0" tests="4" time="5.843" timestamp="2020-08-14T02:19:44.396168"><testcase classname="test_submit" file="test_submit.py" line="3" name="test_q1" time="0.234"></testcase><testcase classname="test_submit" file="test_submit.py" line="8" name="test_q2" time="0.942"></testcase><testcase classname="test_submit" file="test_submit.py" line="13" name="test_q3" time="0.259"></testcase><testcase classname="test_submit" file="test_submit.py" line="18" name="test_q4" time="1.306"></testcase></testsuite></testsuites>